<?xml version="1.0" encoding="UTF-8"?>
<testsuites tests="43" failures="0" disabled="0" errors="0" time="0.001" timestamp="2022-05-03T22:43:52.611" name="AllTests">
  <testsuite name="GameTest" tests="6" failures="0" disabled="0" skipped="0" errors="0" time="0" timestamp="2022-05-03T22:43:52.612">
    <testcase name="TestWinner" file="/home/geogardow/Desktop/Proyecto1Testing/tst/GameTest.cpp" line="6" status="run" result="completed" time="0" timestamp="2022-05-03T22:43:52.612" classname="GameTest" />
    <testcase name="TestLooser" file="/home/geogardow/Desktop/Proyecto1Testing/tst/GameTest.cpp" line="18" status="run" result="completed" time="0" timestamp="2022-05-03T22:43:52.612" classname="GameTest" />
    <testcase name="TestPunishement" file="/home/geogardow/Desktop/Proyecto1Testing/tst/GameTest.cpp" line="30" status="run" result="completed" time="0" timestamp="2022-05-03T22:43:52.612" classname="GameTest" />
    <testcase name="TestDoublePoints" file="/home/geogardow/Desktop/Proyecto1Testing/tst/GameTest.cpp" line="46" status="run" result="completed" time="0" timestamp="2022-05-03T22:43:52.612" classname="GameTest" />
    <testcase name="AssignPoints" file="/home/geogardow/Desktop/Proyecto1Testing/tst/GameTest.cpp" line="60" status="run" result="completed" time="0" timestamp="2022-05-03T22:43:52.612" classname="GameTest" />
    <testcase name="NotAssignPoints" file="/home/geogardow/Desktop/Proyecto1Testing/tst/GameTest.cpp" line="73" status="run" result="completed" time="0" timestamp="2022-05-03T22:43:52.612" classname="GameTest" />
  </testsuite>
  <testsuite name="TestMockObject" tests="3" failures="0" disabled="0" skipped="0" errors="0" time="0" timestamp="2022-05-03T22:43:52.612">
    <testcase name="sendRequestFirstCard" file="/home/geogardow/Desktop/Proyecto1Testing/tst/MockTesting.cpp" line="97" status="run" result="completed" time="0" timestamp="2022-05-03T22:43:52.612" classname="TestMockObject" />
    <testcase name="sendRequestSecondCardMatched" file="/home/geogardow/Desktop/Proyecto1Testing/tst/MockTesting.cpp" line="116" status="run" result="completed" time="0" timestamp="2022-05-03T22:43:52.612" classname="TestMockObject" />
    <testcase name="sendRequestSecondCardNotMatched" file="/home/geogardow/Desktop/Proyecto1Testing/tst/MockTesting.cpp" line="136" status="run" result="completed" time="0" timestamp="2022-05-03T22:43:52.612" classname="TestMockObject" />
  </testsuite>
  <testsuite name="serverTest" tests="34" failures="0" disabled="0" skipped="0" errors="0" time="0" timestamp="2022-05-03T22:43:52.612">
    <testcase name="testingRandomTurn" file="/home/geogardow/Desktop/Proyecto1Testing/tst/serverTest.cpp" line="4" status="run" result="completed" time="0" timestamp="2022-05-03T22:43:52.612" classname="serverTest" />
    <testcase name="testingRandomTurnFlagOff" file="/home/geogardow/Desktop/Proyecto1Testing/tst/serverTest.cpp" line="16" status="run" result="completed" time="0" timestamp="2022-05-03T22:43:52.612" classname="serverTest" />
    <testcase name="testingCardAnalysisFirstCard" file="/home/geogardow/Desktop/Proyecto1Testing/tst/serverTest.cpp" line="28" status="run" result="completed" time="0" timestamp="2022-05-03T22:43:52.612" classname="serverTest" />
    <testcase name="testingCardAnalysisSecondCard" file="/home/geogardow/Desktop/Proyecto1Testing/tst/serverTest.cpp" line="42" status="run" result="completed" time="0" timestamp="2022-05-03T22:43:52.612" classname="serverTest" />
    <testcase name="testingMatchedCardsMatched" file="/home/geogardow/Desktop/Proyecto1Testing/tst/serverTest.cpp" line="57" status="run" result="completed" time="0" timestamp="2022-05-03T22:43:52.612" classname="serverTest" />
    <testcase name="testingMatchedCardsDouble" file="/home/geogardow/Desktop/Proyecto1Testing/tst/serverTest.cpp" line="74" status="run" result="completed" time="0" timestamp="2022-05-03T22:43:52.612" classname="serverTest" />
    <testcase name="testingMatchedCardsDoubleHIT" file="/home/geogardow/Desktop/Proyecto1Testing/tst/serverTest.cpp" line="91" status="run" result="completed" time="0" timestamp="2022-05-03T22:43:52.612" classname="serverTest" />
    <testcase name="testingMatchedCardsDoubleSwitchPlayer" file="/home/geogardow/Desktop/Proyecto1Testing/tst/serverTest.cpp" line="110" status="run" result="completed" time="0" timestamp="2022-05-03T22:43:52.612" classname="serverTest" />
    <testcase name="testingMatchedCardsBonus" file="/home/geogardow/Desktop/Proyecto1Testing/tst/serverTest.cpp" line="127" status="run" result="completed" time="0" timestamp="2022-05-03T22:43:52.612" classname="serverTest" />
    <testcase name="testingMatchedCardsBonusHIT" file="/home/geogardow/Desktop/Proyecto1Testing/tst/serverTest.cpp" line="144" status="run" result="completed" time="0" timestamp="2022-05-03T22:43:52.612" classname="serverTest" />
    <testcase name="testingMatchedCardsBonusSwitchPlayer" file="/home/geogardow/Desktop/Proyecto1Testing/tst/serverTest.cpp" line="163" status="run" result="completed" time="0" timestamp="2022-05-03T22:43:52.612" classname="serverTest" />
    <testcase name="testingMatchedCardsNotSP" file="/home/geogardow/Desktop/Proyecto1Testing/tst/serverTest.cpp" line="180" status="run" result="completed" time="0" timestamp="2022-05-03T22:43:52.612" classname="serverTest" />
    <testcase name="testingMatchedCardsSP" file="/home/geogardow/Desktop/Proyecto1Testing/tst/serverTest.cpp" line="198" status="run" result="completed" time="0" timestamp="2022-05-03T22:43:52.612" classname="serverTest" />
    <testcase name="testingMatchedCardsNotSPHIT" file="/home/geogardow/Desktop/Proyecto1Testing/tst/serverTest.cpp" line="216" status="run" result="completed" time="0" timestamp="2022-05-03T22:43:52.612" classname="serverTest" />
    <testcase name="testingMatchedCardsSPHIT" file="/home/geogardow/Desktop/Proyecto1Testing/tst/serverTest.cpp" line="236" status="run" result="completed" time="0" timestamp="2022-05-03T22:43:52.612" classname="serverTest" />
    <testcase name="testingMatchedCardsSPSwitchPlayer" file="/home/geogardow/Desktop/Proyecto1Testing/tst/serverTest.cpp" line="256" status="run" result="completed" time="0" timestamp="2022-05-03T22:43:52.612" classname="serverTest" />
    <testcase name="testingMatchedCardsSkullP1" file="/home/geogardow/Desktop/Proyecto1Testing/tst/serverTest.cpp" line="273" status="run" result="completed" time="0" timestamp="2022-05-03T22:43:52.612" classname="serverTest" />
    <testcase name="testingMatchedCardsSkullHITP1" file="/home/geogardow/Desktop/Proyecto1Testing/tst/serverTest.cpp" line="292" status="run" result="completed" time="0" timestamp="2022-05-03T22:43:52.612" classname="serverTest" />
    <testcase name="testingMatchedCardsSkullP2" file="/home/geogardow/Desktop/Proyecto1Testing/tst/serverTest.cpp" line="313" status="run" result="completed" time="0" timestamp="2022-05-03T22:43:52.612" classname="serverTest" />
    <testcase name="testingMatchedCardsSkullHITP2" file="/home/geogardow/Desktop/Proyecto1Testing/tst/serverTest.cpp" line="332" status="run" result="completed" time="0" timestamp="2022-05-03T22:43:52.612" classname="serverTest" />
    <testcase name="testingMatchedCardsSkullSwitchPlayer" file="/home/geogardow/Desktop/Proyecto1Testing/tst/serverTest.cpp" line="353" status="run" result="completed" time="0" timestamp="2022-05-03T22:43:52.612" classname="serverTest" />
    <testcase name="testingMatchedCardsNotMatched" file="/home/geogardow/Desktop/Proyecto1Testing/tst/serverTest.cpp" line="370" status="run" result="completed" time="0" timestamp="2022-05-03T22:43:52.612" classname="serverTest" />
    <testcase name="testingMatchedCardsHIT" file="/home/geogardow/Desktop/Proyecto1Testing/tst/serverTest.cpp" line="387" status="run" result="completed" time="0" timestamp="2022-05-03T22:43:52.612" classname="serverTest" />
    <testcase name="testingMatchedCardsNotHIT" file="/home/geogardow/Desktop/Proyecto1Testing/tst/serverTest.cpp" line="406" status="run" result="completed" time="0" timestamp="2022-05-03T22:43:52.612" classname="serverTest" />
    <testcase name="testingCheckWinnerP1" file="/home/geogardow/Desktop/Proyecto1Testing/tst/serverTest.cpp" line="425" status="run" result="completed" time="0" timestamp="2022-05-03T22:43:52.612" classname="serverTest" />
    <testcase name="testingCheckWinnerP2" file="/home/geogardow/Desktop/Proyecto1Testing/tst/serverTest.cpp" line="440" status="run" result="completed" time="0" timestamp="2022-05-03T22:43:52.612" classname="serverTest" />
    <testcase name="testingCheckWinnerTie" file="/home/geogardow/Desktop/Proyecto1Testing/tst/serverTest.cpp" line="455" status="run" result="completed" time="0" timestamp="2022-05-03T22:43:52.612" classname="serverTest" />
    <testcase name="testingAddPointsP1" file="/home/geogardow/Desktop/Proyecto1Testing/tst/serverTest.cpp" line="470" status="run" result="completed" time="0" timestamp="2022-05-03T22:43:52.612" classname="serverTest" />
    <testcase name="testingAddPointsP2" file="/home/geogardow/Desktop/Proyecto1Testing/tst/serverTest.cpp" line="484" status="run" result="completed" time="0" timestamp="2022-05-03T22:43:52.612" classname="serverTest" />
    <testcase name="testingSubsPointsP1" file="/home/geogardow/Desktop/Proyecto1Testing/tst/serverTest.cpp" line="498" status="run" result="completed" time="0" timestamp="2022-05-03T22:43:52.612" classname="serverTest" />
    <testcase name="testingSubsPointsP2" file="/home/geogardow/Desktop/Proyecto1Testing/tst/serverTest.cpp" line="512" status="run" result="completed" time="0" timestamp="2022-05-03T22:43:52.612" classname="serverTest" />
    <testcase name="testingSwitchPlayers" file="/home/geogardow/Desktop/Proyecto1Testing/tst/serverTest.cpp" line="526" status="run" result="completed" time="0" timestamp="2022-05-03T22:43:52.612" classname="serverTest" />
    <testcase name="testingDoublePoints" file="/home/geogardow/Desktop/Proyecto1Testing/tst/serverTest.cpp" line="539" status="run" result="completed" time="0" timestamp="2022-05-03T22:43:52.613" classname="serverTest" />
    <testcase name="testingSwitchPoints" file="/home/geogardow/Desktop/Proyecto1Testing/tst/serverTest.cpp" line="553" status="run" result="completed" time="0" timestamp="2022-05-03T22:43:52.613" classname="serverTest" />
  </testsuite>
</testsuites>
